[debug] [2023-08-12T22:04:48.036Z] ----------------------------------------------------------------------
[debug] [2023-08-12T22:04:48.038Z] Command:       /usr/bin/node /usr/local/bin/firebase init
[debug] [2023-08-12T22:04:48.039Z] CLI Version:   12.4.7
[debug] [2023-08-12T22:04:48.039Z] Platform:      linux
[debug] [2023-08-12T22:04:48.040Z] Node Version:  v18.13.0
[debug] [2023-08-12T22:04:48.040Z] Time:          Sun Aug 13 2023 03:34:48 GMT+0530 (India Standard Time)
[debug] [2023-08-12T22:04:48.040Z] ----------------------------------------------------------------------
[debug] 
[debug] [2023-08-12T22:04:48.046Z] > command requires scopes: ["email","openid","https://www.googleapis.com/auth/cloudplatformprojects.readonly","https://www.googleapis.com/auth/firebase","https://www.googleapis.com/auth/cloud-platform"]
[debug] [2023-08-12T22:04:48.047Z] > authorizing via signed-in user (aakashraj914@gmail.com)
[info] 
     ######## #### ########  ######## ########     ###     ######  ########
     ##        ##  ##     ## ##       ##     ##  ##   ##  ##       ##
     ######    ##  ########  ######   ########  #########  ######  ######
     ##        ##  ##    ##  ##       ##     ## ##     ##       ## ##
     ##       #### ##     ## ######## ########  ##     ##  ######  ########

You're about to initialize a Firebase project in this directory:

  /home/isagi_yoichi/Weather-app/weather-app

[info] 
=== Project Setup
[info] 
[info] First, let's associate this project directory with a Firebase project.
[info] You can create multiple project aliases by running firebase use --add, 
[info] but for now we'll just set up a default project.
[info] 
[debug] [2023-08-12T22:06:43.070Z] >>> [apiv2][query] GET https://firebase.googleapis.com/v1beta1/projects pageSize=100
[debug] [2023-08-12T22:06:44.092Z] <<< [apiv2][status] GET https://firebase.googleapis.com/v1beta1/projects 200
[debug] [2023-08-12T22:06:44.092Z] <<< [apiv2][body] GET https://firebase.googleapis.com/v1beta1/projects [omitted]
[info] i  Using project cloudsify-59854 (Cloudsify) 
[info] 
=== Hosting Setup
[info] 
[info] Your public directory is the folder (relative to your project directory) that
[info] will contain Hosting assets to be uploaded with firebase deploy. If you
[info] have a build process for your assets, use your build's output directory.
[info] 
[info] ✔  Wrote public/404.html 
[debug] [2023-08-12T22:08:30.382Z] >>> [apiv2][query] GET https://www.gstatic.com/firebasejs/releases.json [none]
[debug] [2023-08-12T22:08:30.497Z] <<< [apiv2][status] GET https://www.gstatic.com/firebasejs/releases.json 200
[debug] [2023-08-12T22:08:30.497Z] <<< [apiv2][body] GET https://www.gstatic.com/firebasejs/releases.json {"current":{"version":"10.1.0","browserURL":"https://www.gstatic.com/firebasejs/10.1.0/firebase.js","packageURL":"https://www.gstatic.com/firebasejs/10.1.0/firebase.tgz"},"live":{"version":"10.1","browserURL":"https://www.gstatic.com/firebasejs/live/10.1/firebase.js","packageURL":"https://www.gstatic.com/firebasejs/live/10.1/firebase.tgz"},"components":{"analytics":"https://www.gstatic.com/firebasejs/10.1.0/firebase-analytics.js","app":"https://www.gstatic.com/firebasejs/10.1.0/firebase-app.js","app-check":"https://www.gstatic.com/firebasejs/10.1.0/firebase-app-check.js","auth":"https://www.gstatic.com/firebasejs/10.1.0/firebase-auth.js","auth/cordova":"https://www.gstatic.com/firebasejs/10.1.0/firebase-auth/cordova.js","functions":"https://www.gstatic.com/firebasejs/10.1.0/firebase-functions.js","firestore":"https://www.gstatic.com/firebasejs/10.1.0/firebase-firestore.js","firestore/lite":"https://www.gstatic.com/firebasejs/10.1.0/firebase-firestore/lite.js","installations":"https://www.gstatic.com/firebasejs/10.1.0/firebase-installations.js","storage":"https://www.gstatic.com/firebasejs/10.1.0/firebase-storage.js","performance":"https://www.gstatic.com/firebasejs/10.1.0/firebase-performance.js","remote-config":"https://www.gstatic.com/firebasejs/10.1.0/firebase-remote-config.js","messaging":"https://www.gstatic.com/firebasejs/10.1.0/firebase-messaging.js","messaging/sw":"https://www.gstatic.com/firebasejs/10.1.0/firebase-messaging/sw.js","database":"https://www.gstatic.com/firebasejs/10.1.0/firebase-database.js","firestore.memory":"https://www.gstatic.com/firebasejs/10.1.0/firebase-firestore.memory.js"}}
[info] i  Skipping write of public/index.html 
[info] 
[info] i  Detected a .git folder at /home/isagi_yoichi/Weather-app/weather-app 
[info] i  Authorizing with GitHub to upload your service account to a GitHub repository's secrets store. 
[info] 
[info] Visit this URL on this device to log in:
[info] https://github.com/login/oauth/authorize?client_id=89cf50f02ac6aaed3484&state=806900456&redirect_uri=http%3A%2F%2Flocalhost%3A9005&scope=read%3Auser%20repo%20public_repo
[info] 
[info] Waiting for authentication...
[debug] [2023-08-12T22:09:34.442Z] >>> [apiv2][query] POST https://github.com/login/oauth/access_token [none]
[debug] [2023-08-12T22:09:34.443Z] >>> [apiv2][body] POST https://github.com/login/oauth/access_token [stream]
[debug] [2023-08-12T22:09:34.932Z] <<< [apiv2][status] POST https://github.com/login/oauth/access_token 200
[debug] [2023-08-12T22:09:34.932Z] <<< [apiv2][body] POST https://github.com/login/oauth/access_token {"access_token":"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","token_type":"bearer","scope":"read:user,repo"}
[debug] [2023-08-12T22:09:34.956Z] >>> [apiv2][query] GET https://api.github.com/user [none]
[debug] [2023-08-12T22:09:35.519Z] <<< [apiv2][status] GET https://api.github.com/user 200
[debug] [2023-08-12T22:09:35.519Z] <<< [apiv2][body] GET https://api.github.com/user {"login":"AakashRaj20","id":103671752,"node_id":"U_kgDOBi3nyA","avatar_url":"https://avatars.githubusercontent.com/u/103671752?v=4","gravatar_id":"","url":"https://api.github.com/users/AakashRaj20","html_url":"https://github.com/AakashRaj20","followers_url":"https://api.github.com/users/AakashRaj20/followers","following_url":"https://api.github.com/users/AakashRaj20/following{/other_user}","gists_url":"https://api.github.com/users/AakashRaj20/gists{/gist_id}","starred_url":"https://api.github.com/users/AakashRaj20/starred{/owner}{/repo}","subscriptions_url":"https://api.github.com/users/AakashRaj20/subscriptions","organizations_url":"https://api.github.com/users/AakashRaj20/orgs","repos_url":"https://api.github.com/users/AakashRaj20/repos","events_url":"https://api.github.com/users/AakashRaj20/events{/privacy}","received_events_url":"https://api.github.com/users/AakashRaj20/received_events","type":"User","site_admin":false,"name":"Aakash Raj","company":null,"blog":"","location":"Greater Noida, India","email":null,"hireable":null,"bio":null,"twitter_username":"AakashRaj2003","public_repos":28,"public_gists":0,"followers":5,"following":12,"created_at":"2022-04-14T16:57:34Z","updated_at":"2023-08-12T22:09:28Z","private_gists":0,"total_private_repos":0,"owned_private_repos":0,"disk_usage":7322,"collaborators":0,"two_factor_authentication":true,"plan":{"name":"pro","space":976562499,"collaborators":0,"private_repos":9999}}
[info] 
[info] ✔  Success! Logged into GitHub as AakashRaj20 
[info] 
